<?xml version="1.0" encoding="UTF-8"?>
<testng-results skipped="0" failed="1" ignored="0" total="4" passed="3">
  <reporter-output>
  </reporter-output>
  <suite name="Suite" duration-ms="181188" started-at="2019-01-24T11:11:19Z" finished-at="2019-01-24T11:14:20Z">
    <groups>
    </groups>
    <test name="Test" duration-ms="126681" started-at="2019-01-24T11:11:19Z" finished-at="2019-01-24T11:13:26Z">
      <class name="tasksToDevelop.MMTFlightSearch">
        <test-method status="PASS" signature="loadBrowser(java.lang.String)[pri:0, instance:tasksToDevelop.MMTFlightSearch@587d1d39]" name="loadBrowser" is-config="true" duration-ms="89218" started-at="2019-01-24T11:11:19Z" finished-at="2019-01-24T11:12:48Z">
          <params>
            <param index="0">
              <value>
                <![CDATA[chrome]]>
              </value>
            </param>
          </params>
          <reporter-output>
          </reporter-output>
        </test-method> <!-- loadBrowser -->
        <test-method status="FAIL" signature="Test1(java.lang.String, java.lang.String, java.lang.String, java.lang.String, java.lang.String)[pri:0, instance:tasksToDevelop.MMTFlightSearch@587d1d39]" name="Test1" duration-ms="2101" started-at="2019-01-24T11:13:00Z" data-provider="TestDataProvider" finished-at="2019-01-24T11:13:02Z">
          <params>
            <param index="0">
              <value is-null="true"/>
            </param>
            <param index="1">
              <value is-null="true"/>
            </param>
            <param index="2">
              <value is-null="true"/>
            </param>
            <param index="3">
              <value is-null="true"/>
            </param>
            <param index="4">
              <value is-null="true"/>
            </param>
          </params>
          <exception class="org.openqa.selenium.WebDriverException">
            <message>
              <![CDATA[unknown error: keys should be a string
  (Session info: chrome=71.0.3578.98)
  (Driver info: chromedriver=72.0.3626.69 (3c16f8a135abc0d4da2dff33804db79b849a7c38),platform=Windows NT 10.0.17134 x86_64) (WARNING: The server did not provide any stacktrace information)
Command duration or timeout: 486 milliseconds
Build info: version: '3.4.0', revision: 'unknown', time: 'unknown'
System info: host: 'DESKTOP-S3RV3MH', ip: '192.168.1.7', os.name: 'Windows 10', os.arch: 'amd64', os.version: '10.0', java.version: '1.8.0_151'
Driver info: org.openqa.selenium.chrome.ChromeDriver
Capabilities [{mobileEmulationEnabled=false, timeouts={implicit=0.0, pageLoad=300000.0, script=30000.0}, hasTouchScreen=false, platform=XP, acceptSslCerts=false, goog:chromeOptions={debuggerAddress=localhost:54249}, acceptInsecureCerts=false, webStorageEnabled=true, browserName=chrome, takesScreenshot=true, javascriptEnabled=true, setWindowRect=true, unexpectedAlertBehaviour=ignore, applicationCacheEnabled=false, rotatable=false, networkConnectionEnabled=false, chrome={chromedriverVersion=72.0.3626.69 (3c16f8a135abc0d4da2dff33804db79b849a7c38), userDataDir=C:\Users\DELL\AppData\Local\Temp\scoped_dir7288_20297}, takesHeapSnapshot=true, pageLoadStrategy=normal, databaseEnabled=false, handlesAlerts=true, version=71.0.3578.98, browserConnectionEnabled=false, proxy=Proxy(), nativeEvents=true, locationContextEnabled=true, cssSelectorsEnabled=true}]
Session ID: 7f4348a1af08364489e4ceb66d4330fc]]>
            </message>
            <full-stacktrace>
              <![CDATA[org.openqa.selenium.WebDriverException: unknown error: keys should be a string
  (Session info: chrome=71.0.3578.98)
  (Driver info: chromedriver=72.0.3626.69 (3c16f8a135abc0d4da2dff33804db79b849a7c38),platform=Windows NT 10.0.17134 x86_64) (WARNING: The server did not provide any stacktrace information)
Command duration or timeout: 486 milliseconds
Build info: version: '3.4.0', revision: 'unknown', time: 'unknown'
System info: host: 'DESKTOP-S3RV3MH', ip: '192.168.1.7', os.name: 'Windows 10', os.arch: 'amd64', os.version: '10.0', java.version: '1.8.0_151'
Driver info: org.openqa.selenium.chrome.ChromeDriver
Capabilities [{mobileEmulationEnabled=false, timeouts={implicit=0.0, pageLoad=300000.0, script=30000.0}, hasTouchScreen=false, platform=XP, acceptSslCerts=false, goog:chromeOptions={debuggerAddress=localhost:54249}, acceptInsecureCerts=false, webStorageEnabled=true, browserName=chrome, takesScreenshot=true, javascriptEnabled=true, setWindowRect=true, unexpectedAlertBehaviour=ignore, applicationCacheEnabled=false, rotatable=false, networkConnectionEnabled=false, chrome={chromedriverVersion=72.0.3626.69 (3c16f8a135abc0d4da2dff33804db79b849a7c38), userDataDir=C:\Users\DELL\AppData\Local\Temp\scoped_dir7288_20297}, takesHeapSnapshot=true, pageLoadStrategy=normal, databaseEnabled=false, handlesAlerts=true, version=71.0.3578.98, browserConnectionEnabled=false, proxy=Proxy(), nativeEvents=true, locationContextEnabled=true, cssSelectorsEnabled=true}]
Session ID: 7f4348a1af08364489e4ceb66d4330fc
at sun.reflect.NativeConstructorAccessorImpl.newInstance0(Native Method)
at sun.reflect.NativeConstructorAccessorImpl.newInstance(NativeConstructorAccessorImpl.java:62)
at sun.reflect.DelegatingConstructorAccessorImpl.newInstance(DelegatingConstructorAccessorImpl.java:45)
at java.lang.reflect.Constructor.newInstance(Constructor.java:423)
at org.openqa.selenium.remote.ErrorHandler.createThrowable(ErrorHandler.java:215)
at org.openqa.selenium.remote.ErrorHandler.throwIfResponseFailed(ErrorHandler.java:167)
at org.openqa.selenium.remote.RemoteWebDriver.execute(RemoteWebDriver.java:671)
at org.openqa.selenium.remote.RemoteWebElement.execute(RemoteWebElement.java:272)
at org.openqa.selenium.remote.RemoteWebElement.sendKeys(RemoteWebElement.java:96)
at sun.reflect.NativeMethodAccessorImpl.invoke0(Native Method)
at sun.reflect.NativeMethodAccessorImpl.invoke(NativeMethodAccessorImpl.java:62)
at sun.reflect.DelegatingMethodAccessorImpl.invoke(DelegatingMethodAccessorImpl.java:43)
at java.lang.reflect.Method.invoke(Method.java:498)
at org.openqa.selenium.support.pagefactory.internal.LocatingElementHandler.invoke(LocatingElementHandler.java:51)
at com.sun.proxy.$Proxy10.sendKeys(Unknown Source)
at webPages.MMTHomePage.searchFlight(MMTHomePage.java:47)
at tasksToDevelop.MMTFlightSearch.Test1(MMTFlightSearch.java:17)
at sun.reflect.NativeMethodAccessorImpl.invoke0(Native Method)
at sun.reflect.NativeMethodAccessorImpl.invoke(NativeMethodAccessorImpl.java:62)
at sun.reflect.DelegatingMethodAccessorImpl.invoke(DelegatingMethodAccessorImpl.java:43)
at java.lang.reflect.Method.invoke(Method.java:498)
at org.testng.internal.MethodInvocationHelper.invokeMethod(MethodInvocationHelper.java:124)
at org.testng.internal.Invoker.invokeMethod(Invoker.java:583)
at org.testng.internal.Invoker.invokeTestMethod(Invoker.java:719)
at org.testng.internal.Invoker.invokeTestMethods(Invoker.java:989)
at org.testng.internal.TestMethodWorker.invokeTestMethods(TestMethodWorker.java:125)
at org.testng.internal.TestMethodWorker.run(TestMethodWorker.java:109)
at org.testng.TestRunner.privateRun(TestRunner.java:648)
at org.testng.TestRunner.run(TestRunner.java:505)
at org.testng.SuiteRunner.runTest(SuiteRunner.java:455)
at org.testng.SuiteRunner.runSequentially(SuiteRunner.java:450)
at org.testng.SuiteRunner.privateRun(SuiteRunner.java:415)
at org.testng.SuiteRunner.run(SuiteRunner.java:364)
at org.testng.SuiteRunnerWorker.runSuite(SuiteRunnerWorker.java:52)
at org.testng.SuiteRunnerWorker.run(SuiteRunnerWorker.java:84)
at org.testng.TestNG.runSuitesSequentially(TestNG.java:1208)
at org.testng.TestNG.runSuitesLocally(TestNG.java:1137)
at org.testng.TestNG.runSuites(TestNG.java:1049)
at org.testng.TestNG.run(TestNG.java:1017)
at org.testng.remote.AbstractRemoteTestNG.run(AbstractRemoteTestNG.java:114)
at org.testng.remote.RemoteTestNG.initAndRun(RemoteTestNG.java:251)
at org.testng.remote.RemoteTestNG.main(RemoteTestNG.java:77)
]]>
            </full-stacktrace>
          </exception> <!-- org.openqa.selenium.WebDriverException -->
          <reporter-output>
          </reporter-output>
        </test-method> <!-- Test1 -->
        <test-method status="PASS" signature="resultOfTest(org.testng.ITestResult)[pri:0, instance:tasksToDevelop.MMTFlightSearch@587d1d39]" name="resultOfTest" is-config="true" duration-ms="872" started-at="2019-01-24T11:13:02Z" finished-at="2019-01-24T11:13:03Z">
          <params>
            <param index="0">
              <value>
                <![CDATA[[TestResult name=Test1 status=FAILURE method=MMTFlightSearch.Test1(java.lang.String, java.lang.String, java.lang.String, java.lang.String, java.lang.String)[pri:0, instance:tasksToDevelop.MMTFlightSearch@587d1d39] output={null}]]]>
              </value>
            </param>
          </params>
          <reporter-output>
          </reporter-output>
        </test-method> <!-- resultOfTest -->
        <test-method status="PASS" signature="Test1(java.lang.String, java.lang.String, java.lang.String, java.lang.String, java.lang.String)[pri:0, instance:tasksToDevelop.MMTFlightSearch@587d1d39]" name="Test1" duration-ms="19079" started-at="2019-01-24T11:13:03Z" data-provider="TestDataProvider" finished-at="2019-01-24T11:13:22Z">
          <params>
            <param index="0">
              <value>
                <![CDATA[Vijayawada]]>
              </value>
            </param>
            <param index="1">
              <value>
                <![CDATA[hyderabad]]>
              </value>
            </param>
            <param index="2">
              <value>
                <![CDATA[26]]>
              </value>
            </param>
            <param index="3">
              <value>
                <![CDATA[]]>
              </value>
            </param>
            <param index="4">
              <value>
                <![CDATA[1]]>
              </value>
            </param>
          </params>
          <reporter-output>
          </reporter-output>
        </test-method> <!-- Test1 -->
        <test-method status="PASS" signature="resultOfTest(org.testng.ITestResult)[pri:0, instance:tasksToDevelop.MMTFlightSearch@587d1d39]" name="resultOfTest" is-config="true" duration-ms="0" started-at="2019-01-24T11:13:22Z" finished-at="2019-01-24T11:13:22Z">
          <params>
            <param index="0">
              <value>
                <![CDATA[[TestResult name=Test1 status=SUCCESS method=MMTFlightSearch.Test1(java.lang.String, java.lang.String, java.lang.String, java.lang.String, java.lang.String)[pri:0, instance:tasksToDevelop.MMTFlightSearch@587d1d39] output={null}]]]>
              </value>
            </param>
          </params>
          <reporter-output>
          </reporter-output>
        </test-method> <!-- resultOfTest -->
        <test-method status="PASS" signature="tearDown()[pri:0, instance:tasksToDevelop.MMTFlightSearch@587d1d39]" name="tearDown" is-config="true" duration-ms="4007" started-at="2019-01-24T11:13:22Z" finished-at="2019-01-24T11:13:26Z">
          <reporter-output>
          </reporter-output>
        </test-method> <!-- tearDown -->
      </class> <!-- tasksToDevelop.MMTFlightSearch -->
    </test> <!-- Test -->
    <test name="Test2" duration-ms="28859" started-at="2019-01-24T11:13:26Z" finished-at="2019-01-24T11:13:55Z">
      <class name="tasksToDevelop.DropdownValuesInTripHeader">
        <test-method status="PASS" signature="loadBrowser(java.lang.String)[pri:0, instance:tasksToDevelop.DropdownValuesInTripHeader@a38d7a3]" name="loadBrowser" is-config="true" duration-ms="26134" started-at="2019-01-24T11:13:26Z" finished-at="2019-01-24T11:13:52Z">
          <params>
            <param index="0">
              <value>
                <![CDATA[chrome]]>
              </value>
            </param>
          </params>
          <reporter-output>
          </reporter-output>
        </test-method> <!-- loadBrowser -->
        <test-method status="PASS" signature="tripDropdown()[pri:0, instance:tasksToDevelop.DropdownValuesInTripHeader@a38d7a3]" name="tripDropdown" duration-ms="1286" started-at="2019-01-24T11:13:52Z" finished-at="2019-01-24T11:13:53Z">
          <reporter-output>
          </reporter-output>
        </test-method> <!-- tripDropdown -->
        <test-method status="PASS" signature="resultOfTest(org.testng.ITestResult)[pri:0, instance:tasksToDevelop.DropdownValuesInTripHeader@a38d7a3]" name="resultOfTest" is-config="true" duration-ms="1" started-at="2019-01-24T11:13:53Z" finished-at="2019-01-24T11:13:53Z">
          <params>
            <param index="0">
              <value>
                <![CDATA[[TestResult name=tripDropdown status=SUCCESS method=DropdownValuesInTripHeader.tripDropdown()[pri:0, instance:tasksToDevelop.DropdownValuesInTripHeader@a38d7a3] output={null}]]]>
              </value>
            </param>
          </params>
          <reporter-output>
          </reporter-output>
        </test-method> <!-- resultOfTest -->
        <test-method status="PASS" signature="tearDown()[pri:0, instance:tasksToDevelop.DropdownValuesInTripHeader@a38d7a3]" name="tearDown" is-config="true" duration-ms="1432" started-at="2019-01-24T11:13:53Z" finished-at="2019-01-24T11:13:55Z">
          <reporter-output>
          </reporter-output>
        </test-method> <!-- tearDown -->
      </class> <!-- tasksToDevelop.DropdownValuesInTripHeader -->
    </test> <!-- Test2 -->
    <test name="Test3" duration-ms="25337" started-at="2019-01-24T11:13:55Z" finished-at="2019-01-24T11:14:20Z">
      <class name="tasksToDevelop.LoginFieldValidation">
        <test-method status="PASS" signature="loadBrowser(java.lang.String)[pri:0, instance:tasksToDevelop.LoginFieldValidation@87f383f]" name="loadBrowser" is-config="true" duration-ms="22304" started-at="2019-01-24T11:13:55Z" finished-at="2019-01-24T11:14:17Z">
          <params>
            <param index="0">
              <value>
                <![CDATA[chrome]]>
              </value>
            </param>
          </params>
          <reporter-output>
          </reporter-output>
        </test-method> <!-- loadBrowser -->
        <test-method status="PASS" signature="LoginFieldsCheck()[pri:0, instance:tasksToDevelop.LoginFieldValidation@87f383f]" name="LoginFieldsCheck" duration-ms="1610" started-at="2019-01-24T11:14:17Z" finished-at="2019-01-24T11:14:19Z">
          <reporter-output>
          </reporter-output>
        </test-method> <!-- LoginFieldsCheck -->
        <test-method status="PASS" signature="resultOfTest(org.testng.ITestResult)[pri:0, instance:tasksToDevelop.LoginFieldValidation@87f383f]" name="resultOfTest" is-config="true" duration-ms="1" started-at="2019-01-24T11:14:19Z" finished-at="2019-01-24T11:14:19Z">
          <params>
            <param index="0">
              <value>
                <![CDATA[[TestResult name=LoginFieldsCheck status=SUCCESS method=LoginFieldValidation.LoginFieldsCheck()[pri:0, instance:tasksToDevelop.LoginFieldValidation@87f383f] output={null}]]]>
              </value>
            </param>
          </params>
          <reporter-output>
          </reporter-output>
        </test-method> <!-- resultOfTest -->
        <test-method status="PASS" signature="tearDown()[pri:0, instance:tasksToDevelop.LoginFieldValidation@87f383f]" name="tearDown" is-config="true" duration-ms="1416" started-at="2019-01-24T11:14:19Z" finished-at="2019-01-24T11:14:20Z">
          <reporter-output>
          </reporter-output>
        </test-method> <!-- tearDown -->
      </class> <!-- tasksToDevelop.LoginFieldValidation -->
    </test> <!-- Test3 -->
  </suite> <!-- Suite -->
</testng-results>
